Copyright 1986-2022 Xilinx, Inc. All Rights Reserved. Copyright 2022-2025 Advanced Micro Devices, Inc. All Rights Reserved.
---------------------------------------------------------------------------------------------------------------------------------------------
| Tool Version : Vivado v.2025.1 (lin64) Build 6140274 Wed May 21 22:58:25 MDT 2025
| Date         : Sat Oct  4 12:44:13 2025
| Host         : charlcoal-Laptop-12th-Gen-Intel-Core running 64-bit Linux Mint 22.1
| Command      : report_timing -file obj/post_synth_timing.rpt
| Design       : top_level
| Device       : 7s50-csga324
| Speed File   : -1  PRODUCTION 1.23 2018-06-13
| Design State : Synthesized
---------------------------------------------------------------------------------------------------------------------------------------------

Timing Report

Slack (MET) :             4.687ns  (required time - arrival time)
  Source:                 counter_8khz_trigger/count_reg[24]/C
                            (rising edge-triggered cell FDRE clocked by gclk  {rise@0.000ns fall@4.000ns period=10.000ns})
  Destination:            counter_8khz_trigger/count_reg[0]/R
                            (rising edge-triggered cell FDRE clocked by gclk  {rise@0.000ns fall@4.000ns period=10.000ns})
  Path Group:             gclk
  Path Type:              Setup (Max at Slow Process Corner)
  Requirement:            10.000ns  (gclk rise@10.000ns - gclk rise@0.000ns)
  Data Path Delay:        4.576ns  (logic 1.145ns (25.022%)  route 3.431ns (74.978%))
  Logic Levels:           4  (LUT2=1 LUT4=2 LUT5=1)
  Clock Path Skew:        -0.145ns (DCD - SCD + CPR)
    Destination Clock Delay (DCD):    2.660ns = ( 12.660 - 10.000 ) 
    Source Clock Delay      (SCD):    2.920ns
    Clock Pessimism Removal (CPR):    0.115ns
  Clock Uncertainty:      0.035ns  ((TSJ^2 + TIJ^2)^1/2 + DJ) / 2 + PE
    Total System Jitter     (TSJ):    0.071ns
    Total Input Jitter      (TIJ):    0.000ns
    Discrete Jitter          (DJ):    0.000ns
    Phase Error              (PE):    0.000ns

    Location             Delay type                Incr(ns)  Path(ns)    Netlist Resource(s)
  -------------------------------------------------------------------    -------------------
                         (clock gclk rise edge)       0.000     0.000 r  
    N15                                               0.000     0.000 r  clk_100mhz (IN)
                         net (fo=0)                   0.000     0.000    clk_100mhz
    N15                  IBUF (Prop_ibuf_I_O)         1.440     1.440 r  clk_100mhz_IBUF_inst/O
                         net (fo=1, unplaced)         0.800     2.240    clk_100mhz_IBUF
                         BUFG (Prop_bufg_I_O)         0.096     2.336 r  clk_100mhz_IBUF_BUFG_inst/O
                         net (fo=129, unplaced)       0.584     2.920    counter_8khz_trigger/clk_100mhz_IBUF_BUFG
                         FDRE                                         r  counter_8khz_trigger/count_reg[24]/C
  -------------------------------------------------------------------    -------------------
                         FDRE (Prop_fdre_C_Q)         0.478     3.398 f  counter_8khz_trigger/count_reg[24]/Q
                         net (fo=2, unplaced)         0.752     4.150    counter_8khz_trigger/count_reg[24]
                         LUT4 (Prop_lut4_I1_O)        0.295     4.445 f  counter_8khz_trigger/dclk_count[4]_i_10/O
                         net (fo=1, unplaced)         0.449     4.894    counter_8khz_trigger/dclk_count[4]_i_10_n_0
                         LUT5 (Prop_lut5_I4_O)        0.124     5.018 r  counter_8khz_trigger/dclk_count[4]_i_6/O
                         net (fo=1, unplaced)         0.902     5.920    counter_8khz_trigger/dclk_count[4]_i_6_n_0
                         LUT4 (Prop_lut4_I1_O)        0.124     6.044 r  counter_8khz_trigger/dclk_count[4]_i_4/O
                         net (fo=6, unplaced)         0.481     6.525    counter_8khz_trigger/spi_trigger
                         LUT2 (Prop_lut2_I0_O)        0.124     6.649 r  counter_8khz_trigger/count[0]_i_1__0/O
                         net (fo=32, unplaced)        0.847     7.496    counter_8khz_trigger/count[0]_i_1__0_n_0
                         FDRE                                         r  counter_8khz_trigger/count_reg[0]/R
  -------------------------------------------------------------------    -------------------

                         (clock gclk rise edge)      10.000    10.000 r  
    N15                                               0.000    10.000 r  clk_100mhz (IN)
                         net (fo=0)                   0.000    10.000    clk_100mhz
    N15                  IBUF (Prop_ibuf_I_O)         1.370    11.370 r  clk_100mhz_IBUF_inst/O
                         net (fo=1, unplaced)         0.760    12.130    clk_100mhz_IBUF
                         BUFG (Prop_bufg_I_O)         0.091    12.221 r  clk_100mhz_IBUF_BUFG_inst/O
                         net (fo=129, unplaced)       0.439    12.660    counter_8khz_trigger/clk_100mhz_IBUF_BUFG
                         FDRE                                         r  counter_8khz_trigger/count_reg[0]/C
                         clock pessimism              0.115    12.775    
                         clock uncertainty           -0.035    12.740    
                         FDRE (Setup_fdre_C_R)       -0.557    12.183    counter_8khz_trigger/count_reg[0]
  -------------------------------------------------------------------
                         required time                         12.183    
                         arrival time                          -7.496    
  -------------------------------------------------------------------
                         slack                                  4.687    




