Copyright 1986-2022 Xilinx, Inc. All Rights Reserved. Copyright 2022-2025 Advanced Micro Devices, Inc. All Rights Reserved.
---------------------------------------------------------------------------------------------------------------------------------------------
| Tool Version : Vivado v.2025.1 (lin64) Build 6140274 Wed May 21 22:58:25 MDT 2025
| Date         : Fri Oct 24 14:40:08 2025
| Host         : eecs-digital-14 running 64-bit Ubuntu 24.04.3 LTS
| Command      : report_timing_summary -file obj/post_place_timing_summary.rpt
| Design       : top_level
| Device       : 7s50-csga324
| Speed File   : -1  PRODUCTION 1.23 2018-06-13
| Design State : Fully Placed
---------------------------------------------------------------------------------------------------------------------------------------------

Timing Summary Report

------------------------------------------------------------------------------------------------
| Timer Settings
| --------------
------------------------------------------------------------------------------------------------

  Enable Multi Corner Analysis               :  Yes
  Enable Pessimism Removal                   :  Yes
  Pessimism Removal Resolution               :  Nearest Common Node
  Enable Input Delay Default Clock           :  No
  Enable Preset / Clear Arcs                 :  No
  Disable Flight Delays                      :  No
  Ignore I/O Paths                           :  No
  Timing Early Launch at Borrowing Latches   :  No
  Borrow Time for Max Delay Exceptions       :  Yes
  Merge Timing Exceptions                    :  Yes
  Inter-SLR Compensation                     :  Conservative

  Corner  Analyze    Analyze    
  Name    Max Paths  Min Paths  
  ------  ---------  ---------  
  Slow    Yes        Yes        
  Fast    Yes        Yes        


------------------------------------------------------------------------------------------------
| Report Methodology
| ------------------
------------------------------------------------------------------------------------------------

No report available as report_methodology has not been run prior. Run report_methodology on the current design for the summary of methodology violations.



check_timing report

Table of Contents
-----------------
1. checking no_clock (0)
2. checking constant_clock (0)
3. checking pulse_width_clock (0)
4. checking unconstrained_internal_endpoints (0)
5. checking no_input_delay (23)
6. checking no_output_delay (71)
7. checking multiple_clock (0)
8. checking generated_clocks (0)
9. checking loops (0)
10. checking partial_input_delay (0)
11. checking partial_output_delay (0)
12. checking latch_loops (0)

1. checking no_clock (0)
------------------------
 There are 0 register/latch pins with no clock.


2. checking constant_clock (0)
------------------------------
 There are 0 register/latch pins with constant_clock.


3. checking pulse_width_clock (0)
---------------------------------
 There are 0 register/latch pins which need pulse_width check


4. checking unconstrained_internal_endpoints (0)
------------------------------------------------
 There are 0 pins that are not constrained for maximum delay.

 There are 0 pins that are not constrained for maximum delay due to constant clock.


5. checking no_input_delay (23)
-------------------------------
 There are 23 input ports with no input delay specified. (HIGH)

 There are 0 input ports with no input delay but user has a false path constraint.


6. checking no_output_delay (71)
--------------------------------
 There are 71 ports with no output delay specified. (HIGH)

 There are 0 ports with no output delay but user has a false path constraint

 There are 0 ports with no output delay but with a timing clock defined on it or propagating through it


7. checking multiple_clock (0)
------------------------------
 There are 0 register/latch pins with multiple clocks.


8. checking generated_clocks (0)
--------------------------------
 There are 0 generated clocks that are not connected to a clock source.


9. checking loops (0)
---------------------
 There are 0 combinational loops in the design.


10. checking partial_input_delay (0)
------------------------------------
 There are 0 input ports with partial input delay specified.


11. checking partial_output_delay (0)
-------------------------------------
 There are 0 ports with partial output delay specified.


12. checking latch_loops (0)
----------------------------
 There are 0 combinational latch loops in the design through latch input



------------------------------------------------------------------------------------------------
| Design Timing Summary
| ---------------------
------------------------------------------------------------------------------------------------

    WNS(ns)      TNS(ns)  TNS Failing Endpoints  TNS Total Endpoints      WHS(ns)      THS(ns)  THS Failing Endpoints  THS Total Endpoints     WPWS(ns)     TPWS(ns)  TPWS Failing Endpoints  TPWS Total Endpoints  
    -------      -------  ---------------------  -------------------      -------      -------  ---------------------  -------------------     --------     --------  ----------------------  --------------------  
      0.712        0.000                      0                12145       -0.231       -7.935                    115                12096        0.264        0.000                       0                  4346  


Timing constraints are not met.


------------------------------------------------------------------------------------------------
| Clock Summary
| -------------
------------------------------------------------------------------------------------------------

Clock                        Waveform(ns)         Period(ns)      Frequency(MHz)
-----                        ------------         ----------      --------------
gclk                         {0.000 4.000}        10.000          100.000         
  clk_controller_clk_wiz_0   {0.000 6.000}        12.000          83.333          
  clk_ddr3_90_clk_wiz_0      {0.750 2.250}        3.000           333.333         
  clk_ddr3_clk_wiz_0         {0.000 1.500}        3.000           333.333         
  clk_ddr3_ref_clk_wiz_0     {0.000 2.500}        5.000           200.000         
  clk_passthrough_clk_wiz_0  {0.000 5.000}        10.000          100.000         
  clkfbout_clk_wiz_0         {0.000 5.000}        10.000          100.000         


------------------------------------------------------------------------------------------------
| Intra Clock Table
| -----------------
------------------------------------------------------------------------------------------------

Clock                            WNS(ns)      TNS(ns)  TNS Failing Endpoints  TNS Total Endpoints      WHS(ns)      THS(ns)  THS Failing Endpoints  THS Total Endpoints     WPWS(ns)     TPWS(ns)  TPWS Failing Endpoints  TPWS Total Endpoints  
-----                            -------      -------  ---------------------  -------------------      -------      -------  ---------------------  -------------------     --------     --------  ----------------------  --------------------  
gclk                                                                                                                                                                           2.000        0.000                       0                     1  
  clk_controller_clk_wiz_0         0.712        0.000                      0                 7820       -0.231       -4.749                     44                 7820        4.750        0.000                       0                  2671  
  clk_ddr3_90_clk_wiz_0                                                                                                                                                        0.845        0.000                       0                    20  
  clk_ddr3_clk_wiz_0                                                                                                                                                           0.845        0.000                       0                    63  
  clk_ddr3_ref_clk_wiz_0                                                                                                                                                       0.264        0.000                       0                     3  
  clk_passthrough_clk_wiz_0        1.620        0.000                      0                 4276       -0.126       -3.186                     71                 4276        3.750        0.000                       0                  1585  
  clkfbout_clk_wiz_0                                                                                                                                                           7.845        0.000                       0                     3  


------------------------------------------------------------------------------------------------
| Inter Clock Table
| -----------------
------------------------------------------------------------------------------------------------

From Clock                 To Clock                       WNS(ns)      TNS(ns)  TNS Failing Endpoints  TNS Total Endpoints      WHS(ns)      THS(ns)  THS Failing Endpoints  THS Total Endpoints  
----------                 --------                       -------      -------  ---------------------  -------------------      -------      -------  ---------------------  -------------------  
clk_passthrough_clk_wiz_0  clk_controller_clk_wiz_0         4.793        0.000                      0                   24                                                                        
clk_controller_clk_wiz_0   clk_passthrough_clk_wiz_0        4.781        0.000                      0                   25                                                                        


------------------------------------------------------------------------------------------------
| Other Path Groups Table
| -----------------------
------------------------------------------------------------------------------------------------

Path Group    From Clock    To Clock          WNS(ns)      TNS(ns)  TNS Failing Endpoints  TNS Total Endpoints      WHS(ns)      THS(ns)  THS Failing Endpoints  THS Total Endpoints  
----------    ----------    --------          -------      -------  ---------------------  -------------------      -------      -------  ---------------------  -------------------  


------------------------------------------------------------------------------------------------
| Timing Details
| --------------
------------------------------------------------------------------------------------------------


---------------------------------------------------------------------------------------------------
From Clock:  gclk
  To Clock:  gclk

Setup :           NA  Failing Endpoints,  Worst Slack           NA  ,  Total Violation           NA
Hold  :           NA  Failing Endpoints,  Worst Slack           NA  ,  Total Violation           NA
PW    :            0  Failing Endpoints,  Worst Slack        2.000ns,  Total Violation        0.000ns
---------------------------------------------------------------------------------------------------


Pulse Width Checks
--------------------------------------------------------------------------------------
Clock Name:         gclk
Waveform(ns):       { 0.000 4.000 }
Period(ns):         10.000
Sources:            { clk_100mhz }

Check Type        Corner  Lib Pin            Reference Pin  Required(ns)  Actual(ns)  Slack(ns)  Location         Pin
Min Period        n/a     MMCME2_ADV/CLKIN1  n/a            1.249         10.000      8.751      MMCME2_ADV_X0Y0  clk_wiz_i/mmcm_adv_inst/CLKIN1
Max Period        n/a     MMCME2_ADV/CLKIN1  n/a            100.000       10.000      90.000     MMCME2_ADV_X0Y0  clk_wiz_i/mmcm_adv_inst/CLKIN1
Low Pulse Width   Slow    MMCME2_ADV/CLKIN1  n/a            2.000         6.000       4.000      MMCME2_ADV_X0Y0  clk_wiz_i/mmcm_adv_inst/CLKIN1
High Pulse Width  Slow    MMCME2_ADV/CLKIN1  n/a            2.000         4.000       2.000      MMCME2_ADV_X0Y0  clk_wiz_i/mmcm_adv_inst/CLKIN1



---------------------------------------------------------------------------------------------------
From Clock:  clk_controller_clk_wiz_0
  To Clock:  clk_controller_clk_wiz_0

Setup :            0  Failing Endpoints,  Worst Slack        0.712ns,  Total Violation        0.000ns
Hold  :           44  Failing Endpoints,  Worst Slack       -0.231ns,  Total Violation       -4.749ns
PW    :            0  Failing Endpoints,  Worst Slack        4.750ns,  Total Violation        0.000ns
---------------------------------------------------------------------------------------------------


Max Delay Paths
--------------------------------------------------------------------------------------
Slack (MET) :             0.712ns  (required time - arrival time)
  Source:                 ddr3_top/ddr3_controller_inst/stage2_bank_reg[1]/C
                            (rising edge-triggered cell FDRE clocked by clk_controller_clk_wiz_0  {rise@0.000ns fall@6.000ns period=12.000ns})
  Destination:            ddr3_top/ddr3_controller_inst/o_wb_stall_reg_rep/D
                            (rising edge-triggered cell FDRE clocked by clk_controller_clk_wiz_0  {rise@0.000ns fall@6.000ns period=12.000ns})
  Path Group:             clk_controller_clk_wiz_0
  Path Type:              Setup (Max at Slow Process Corner)
  Requirement:            12.000ns  (clk_controller_clk_wiz_0 rise@12.000ns - clk_controller_clk_wiz_0 rise@0.000ns)
  Data Path Delay:        11.258ns  (logic 3.717ns (33.017%)  route 7.541ns (66.983%))
  Logic Levels:           14  (CARRY4=2 LUT2=1 LUT3=1 LUT4=1 LUT5=2 LUT6=6 MUXF7=1)
  Clock Path Skew:        -0.033ns (DCD - SCD + CPR)
    Destination Clock Delay (DCD):    -1.623ns = ( 10.377 - 12.000 ) 
    Source Clock Delay      (SCD):    -1.024ns
    Clock Pessimism Removal (CPR):    0.567ns
  Clock Uncertainty:      0.076ns  ((TSJ^2 + DJ^2)^1/2) / 2 + PE
    Total System Jitter     (TSJ):    0.071ns
    Discrete Jitter          (DJ):    0.134ns
    Phase Error              (PE):    0.000ns

    Location             Delay type                Incr(ns)  Path(ns)    Netlist Resource(s)
  -------------------------------------------------------------------    -------------------
                         (clock clk_controller_clk_wiz_0 rise edge)
                                                      0.000     0.000 r  
    N15                                               0.000     0.000 r  clk_100mhz (IN)
                         net (fo=0)                   0.000     0.000    clk_wiz_i/clk_100mhz
    N15                  IBUF (Prop_ibuf_I_O)         1.440     1.440 r  clk_wiz_i/clkin1_ibufg/O
                         net (fo=1, estimated)        1.233     2.673    clk_wiz_i/clk_in1_clk_wiz_0
    MMCME2_ADV_X0Y0      MMCME2_ADV (Prop_mmcme2_adv_CLKIN1_CLKOUT0)
                                                     -7.025    -4.352 r  clk_wiz_i/mmcm_adv_inst/CLKOUT0
                         net (fo=1, estimated)        1.666    -2.686    clk_wiz_i/clk_controller_clk_wiz_0
    BUFGCTRL_X0Y0        BUFG (Prop_bufg_I_O)         0.096    -2.590 r  clk_wiz_i/clkout1_buf/O
                         net (fo=2669, estimated)     1.566    -1.024    ddr3_top/ddr3_controller_inst/i_controller_clk
    SLICE_X53Y15         FDRE                                         r  ddr3_top/ddr3_controller_inst/stage2_bank_reg[1]/C
  -------------------------------------------------------------------    -------------------
    SLICE_X53Y15         FDRE (Prop_fdre_C_Q)         0.456    -0.568 r  ddr3_top/ddr3_controller_inst/stage2_bank_reg[1]/Q
                         net (fo=116, estimated)      0.908     0.340    ddr3_top/ddr3_controller_inst/stage2_bank[1]
    SLICE_X52Y17         LUT6 (Prop_lut6_I2_O)        0.124     0.464 r  ddr3_top/ddr3_controller_inst/o_phy_cmd[64]_INST_0_i_3/O
                         net (fo=1, routed)           0.000     0.464    ddr3_top/ddr3_controller_inst/o_phy_cmd[64]_INST_0_i_3_n_0
    SLICE_X52Y17         MUXF7 (Prop_muxf7_I1_O)      0.214     0.678 r  ddr3_top/ddr3_controller_inst/o_phy_cmd[64]_INST_0_i_1/O
                         net (fo=48, estimated)       0.863     1.541    ddr3_top/ddr3_controller_inst/o_phy_cmd[64]_INST_0_i_1_n_0
    SLICE_X52Y16         LUT2 (Prop_lut2_I0_O)        0.323     1.864 r  ddr3_top/ddr3_controller_inst/o_phy_cmd[70]_INST_0_i_1/O
                         net (fo=21, estimated)       0.576     2.440    ddr3_top/ddr3_controller_inst/o_phy_cmd[70]_INST_0_i_1_n_0
    SLICE_X52Y16         LUT3 (Prop_lut3_I0_O)        0.328     2.768 f  ddr3_top/ddr3_controller_inst/o_phy_cmd[70]_INST_0_i_2/O
                         net (fo=32, estimated)       0.712     3.480    ddr3_top/ddr3_controller_inst/o_phy_cmd[70]_INST_0_i_2_n_0
    SLICE_X51Y16         LUT4 (Prop_lut4_I3_O)        0.150     3.630 r  ddr3_top/ddr3_controller_inst/delay_before_precharge_counter_q[1][2]_i_2/O
                         net (fo=19, estimated)       0.989     4.619    ddr3_top/ddr3_controller_inst/delay_before_precharge_counter_q[1][2]_i_2_n_0
    SLICE_X59Y12         LUT5 (Prop_lut5_I1_O)        0.326     4.945 r  ddr3_top/ddr3_controller_inst/bank_active_row_q[1][1]_i_1/O
                         net (fo=3, estimated)        0.507     5.452    ddr3_top/ddr3_controller_inst/bank_active_row_q[1][1]_i_1_n_0
    SLICE_X58Y13         LUT6 (Prop_lut6_I3_O)        0.124     5.576 r  ddr3_top/ddr3_controller_inst/o_wb_stall_q_i_131/O
                         net (fo=1, estimated)        0.795     6.371    ddr3_top/ddr3_controller_inst/o_wb_stall_q_i_131_n_0
    SLICE_X57Y13         LUT6 (Prop_lut6_I0_O)        0.124     6.495 f  ddr3_top/ddr3_controller_inst/o_wb_stall_q_i_83/O
                         net (fo=1, estimated)        0.601     7.096    ddr3_top/ddr3_controller_inst/o_wb_stall_q_i_83_n_0
    SLICE_X53Y14         LUT5 (Prop_lut5_I4_O)        0.124     7.220 r  ddr3_top/ddr3_controller_inst/o_wb_stall_q_i_35/O
                         net (fo=1, routed)           0.000     7.220    ddr3_top/ddr3_controller_inst/o_wb_stall_q_i_35_n_0
    SLICE_X53Y14         CARRY4 (Prop_carry4_S[0]_CO[3])
                                                      0.532     7.752 r  ddr3_top/ddr3_controller_inst/o_wb_stall_q_reg_i_15/CO[3]
                         net (fo=1, estimated)        0.000     7.752    ddr3_top/ddr3_controller_inst/o_wb_stall_q_reg_i_15_n_0
    SLICE_X53Y15         CARRY4 (Prop_carry4_CI_CO[0])
                                                      0.271     8.023 f  ddr3_top/ddr3_controller_inst/o_wb_stall_q_reg_i_6/CO[0]
                         net (fo=1, estimated)        0.453     8.476    ddr3_top/ddr3_controller_inst/stage2_stall2
    SLICE_X50Y17         LUT6 (Prop_lut6_I0_O)        0.373     8.849 r  ddr3_top/ddr3_controller_inst/o_wb_stall_q_i_2/O
                         net (fo=1, estimated)        0.448     9.297    ddr3_top/ddr3_controller_inst/o_wb_stall_q_i_2_n_0
    SLICE_X50Y19         LUT6 (Prop_lut6_I0_O)        0.124     9.421 r  ddr3_top/ddr3_controller_inst/o_wb_stall_q_i_1/O
                         net (fo=5, estimated)        0.689    10.110    ddr3_top/ddr3_controller_inst/o_wb_stall_d22_out
    SLICE_X50Y23         LUT6 (Prop_lut6_I2_O)        0.124    10.234 r  ddr3_top/ddr3_controller_inst/o_wb_stall_rep_i_1/O
                         net (fo=1, routed)           0.000    10.234    ddr3_top/ddr3_controller_inst/o_wb_stall_rep_i_1_n_0
    SLICE_X50Y23         FDRE                                         r  ddr3_top/ddr3_controller_inst/o_wb_stall_reg_rep/D
  -------------------------------------------------------------------    -------------------

                         (clock clk_controller_clk_wiz_0 rise edge)
                                                     12.000    12.000 r  
    N15                                               0.000    12.000 r  clk_100mhz (IN)
                         net (fo=0)                   0.000    12.000    clk_wiz_i/clk_100mhz
    N15                  IBUF (Prop_ibuf_I_O)         1.370    13.370 r  clk_wiz_i/clkin1_ibufg/O
                         net (fo=1, estimated)        1.171    14.542    clk_wiz_i/clk_in1_clk_wiz_0
    MMCME2_ADV_X0Y0      MMCME2_ADV (Prop_mmcme2_adv_CLKIN1_CLKOUT0)
                                                     -7.279     7.263 r  clk_wiz_i/mmcm_adv_inst/CLKOUT0
                         net (fo=1, estimated)        1.583     8.846    clk_wiz_i/clk_controller_clk_wiz_0
    BUFGCTRL_X0Y0        BUFG (Prop_bufg_I_O)         0.091     8.937 r  clk_wiz_i/clkout1_buf/O
                         net (fo=2669, estimated)     1.440    10.377    ddr3_top/ddr3_controller_inst/i_controller_clk
    SLICE_X50Y23         FDRE                                         r  ddr3_top/ddr3_controller_inst/o_wb_stall_reg_rep/C
                         clock pessimism              0.567    10.943    
                         clock uncertainty           -0.076    10.868    
    SLICE_X50Y23         FDRE (Setup_fdre_C_D)        0.079    10.947    ddr3_top/ddr3_controller_inst/o_wb_stall_reg_rep
  -------------------------------------------------------------------
                         required time                         10.947    
                         arrival time                         -10.234    
  -------------------------------------------------------------------
                         slack                                  0.712    





Min Delay Paths
--------------------------------------------------------------------------------------
Slack (VIOLATED) :        -0.231ns  (arrival time - required time)
  Source:                 ddr3_top/ddr3_phy_inst/sync_rst_reg/C
                            (rising edge-triggered cell FDSE clocked by clk_controller_clk_wiz_0  {rise@0.000ns fall@6.000ns period=12.000ns})
  Destination:            ddr3_top/ddr3_phy_inst/genblk5[11].OSERDESE2_data/RST
                            (rising edge-triggered cell OSERDESE2 clocked by clk_controller_clk_wiz_0  {rise@0.000ns fall@6.000ns period=12.000ns})
  Path Group:             clk_controller_clk_wiz_0
  Path Type:              Hold (Min at Fast Process Corner)
  Requirement:            0.000ns  (clk_controller_clk_wiz_0 rise@0.000ns - clk_controller_clk_wiz_0 rise@0.000ns)
  Data Path Delay:        0.456ns  (logic 0.128ns (28.048%)  route 0.328ns (71.952%))
  Logic Levels:           0  
  Clock Path Skew:        0.181ns (DCD - SCD - CPR)
    Destination Clock Delay (DCD):    -0.683ns
    Source Clock Delay      (SCD):    -0.575ns
    Clock Pessimism Removal (CPR):    -0.289ns

    Location             Delay type                Incr(ns)  Path(ns)    Netlist Resource(s)
  -------------------------------------------------------------------    -------------------
                         (clock clk_controller_clk_wiz_0 rise edge)
                                                      0.000     0.000 r  
    N15                                               0.000     0.000 r  clk_100mhz (IN)
                         net (fo=0)                   0.000     0.000    clk_wiz_i/clk_100mhz
    N15                  IBUF (Prop_ibuf_I_O)         0.209     0.209 r  clk_wiz_i/clkin1_ibufg/O
                         net (fo=1, estimated)        0.520     0.728    clk_wiz_i/clk_in1_clk_wiz_0
    MMCME2_ADV_X0Y0      MMCME2_ADV (Prop_mmcme2_adv_CLKIN1_CLKOUT0)
                                                     -2.621    -1.893 r  clk_wiz_i/mmcm_adv_inst/CLKOUT0
                         net (fo=1, estimated)        0.702    -1.191    clk_wiz_i/clk_controller_clk_wiz_0
    BUFGCTRL_X0Y0        BUFG (Prop_bufg_I_O)         0.026    -1.165 r  clk_wiz_i/clkout1_buf/O
                         net (fo=2669, estimated)     0.590    -0.575    ddr3_top/ddr3_phy_inst/clk_dram_ctrl
    SLICE_X62Y32         FDSE                                         r  ddr3_top/ddr3_phy_inst/sync_rst_reg/C
  -------------------------------------------------------------------    -------------------
    SLICE_X62Y32         FDSE (Prop_fdse_C_Q)         0.128    -0.447 r  ddr3_top/ddr3_phy_inst/sync_rst_reg/Q
                         net (fo=62, estimated)       0.328    -0.118    ddr3_top/ddr3_phy_inst/sync_rst
    OLOGIC_X1Y33         OSERDESE2                                    r  ddr3_top/ddr3_phy_inst/genblk5[11].OSERDESE2_data/RST
  -------------------------------------------------------------------    -------------------

                         (clock clk_controller_clk_wiz_0 rise edge)
                                                      0.000     0.000 r  
    N15                                               0.000     0.000 r  clk_100mhz (IN)
                         net (fo=0)                   0.000     0.000    clk_wiz_i/clk_100mhz
    N15                  IBUF (Prop_ibuf_I_O)         0.396     0.396 r  clk_wiz_i/clkin1_ibufg/O
                         net (fo=1, estimated)        0.547     0.943    clk_wiz_i/clk_in1_clk_wiz_0
    MMCME2_ADV_X0Y0      MMCME2_ADV (Prop_mmcme2_adv_CLKIN1_CLKOUT0)
                                                     -3.399    -2.456 r  clk_wiz_i/mmcm_adv_inst/CLKOUT0
                         net (fo=1, estimated)        0.739    -1.717    clk_wiz_i/clk_controller_clk_wiz_0
    BUFGCTRL_X0Y0        BUFG (Prop_bufg_I_O)         0.029    -1.688 r  clk_wiz_i/clkout1_buf/O
                         net (fo=2669, estimated)     1.005    -0.683    ddr3_top/ddr3_phy_inst/clk_dram_ctrl
    OLOGIC_X1Y33         OSERDESE2                                    r  ddr3_top/ddr3_phy_inst/genblk5[11].OSERDESE2_data/CLKDIV
                         clock pessimism              0.289    -0.394    
    OLOGIC_X1Y33         OSERDESE2 (Hold_oserdese2_CLKDIV_RST)
                                                      0.506     0.112    ddr3_top/ddr3_phy_inst/genblk5[11].OSERDESE2_data
  -------------------------------------------------------------------
                         required time                         -0.112    
                         arrival time                          -0.118    
  -------------------------------------------------------------------
                         slack                                 -0.231    





Pulse Width Checks
--------------------------------------------------------------------------------------
Clock Name:         clk_controller_clk_wiz_0
Waveform(ns):       { 0.000 6.000 }
Period(ns):         12.000
Sources:            { clk_wiz_i/mmcm_adv_inst/CLKOUT0 }

Check Type        Corner  Lib Pin             Reference Pin  Required(ns)  Actual(ns)  Slack(ns)  Location         Pin
Min Period        n/a     RAMB36E1/CLKBWRCLK  n/a            2.576         12.000      9.424      RAMB36_X2Y5      drd/dram_read_fifo/xpm_fifo_axis_inst/xpm_fifo_base_inst/gen_sdpram.xpm_memory_base_inst/gen_wr_a.gen_word_narrow.mem_reg_0/CLKBWRCLK
Max Period        n/a     MMCME2_ADV/CLKOUT0  n/a            213.360       12.000      201.360    MMCME2_ADV_X0Y0  clk_wiz_i/mmcm_adv_inst/CLKOUT0
Low Pulse Width   Slow    RAMD64E/CLK         n/a            1.250         6.000       4.750      SLICE_X42Y23     tg/mcf/fifo_reg_0_63_0_2/RAMA/CLK
High Pulse Width  Slow    RAMD64E/CLK         n/a            1.250         6.000       4.750      SLICE_X42Y23     tg/mcf/fifo_reg_0_63_0_2/RAMA/CLK



---------------------------------------------------------------------------------------------------
From Clock:  clk_ddr3_90_clk_wiz_0
  To Clock:  clk_ddr3_90_clk_wiz_0

Setup :           NA  Failing Endpoints,  Worst Slack           NA  ,  Total Violation           NA
Hold  :           NA  Failing Endpoints,  Worst Slack           NA  ,  Total Violation           NA
PW    :            0  Failing Endpoints,  Worst Slack        0.845ns,  Total Violation        0.000ns
---------------------------------------------------------------------------------------------------


Pulse Width Checks
--------------------------------------------------------------------------------------
Clock Name:         clk_ddr3_90_clk_wiz_0
Waveform(ns):       { 0.750 2.250 }
Period(ns):         3.000
Sources:            { clk_wiz_i/mmcm_adv_inst/CLKOUT2 }

Check Type  Corner  Lib Pin             Reference Pin  Required(ns)  Actual(ns)  Slack(ns)  Location         Pin
Min Period  n/a     BUFG/I              n/a            2.155         3.000       0.845      BUFGCTRL_X0Y2    clk_wiz_i/clkout3_buf/I
Max Period  n/a     MMCME2_ADV/CLKOUT2  n/a            213.360       3.000       210.360    MMCME2_ADV_X0Y0  clk_wiz_i/mmcm_adv_inst/CLKOUT2



---------------------------------------------------------------------------------------------------
From Clock:  clk_ddr3_clk_wiz_0
  To Clock:  clk_ddr3_clk_wiz_0

Setup :           NA  Failing Endpoints,  Worst Slack           NA  ,  Total Violation           NA
Hold  :           NA  Failing Endpoints,  Worst Slack           NA  ,  Total Violation           NA
PW    :            0  Failing Endpoints,  Worst Slack        0.845ns,  Total Violation        0.000ns
---------------------------------------------------------------------------------------------------


Pulse Width Checks
--------------------------------------------------------------------------------------
Clock Name:         clk_ddr3_clk_wiz_0
Waveform(ns):       { 0.000 1.500 }
Period(ns):         3.000
Sources:            { clk_wiz_i/mmcm_adv_inst/CLKOUT1 }

Check Type  Corner  Lib Pin             Reference Pin  Required(ns)  Actual(ns)  Slack(ns)  Location         Pin
Min Period  n/a     BUFG/I              n/a            2.155         3.000       0.845      BUFGCTRL_X0Y1    clk_wiz_i/clkout2_buf/I
Max Period  n/a     MMCME2_ADV/CLKOUT1  n/a            213.360       3.000       210.360    MMCME2_ADV_X0Y0  clk_wiz_i/mmcm_adv_inst/CLKOUT1



---------------------------------------------------------------------------------------------------
From Clock:  clk_ddr3_ref_clk_wiz_0
  To Clock:  clk_ddr3_ref_clk_wiz_0

Setup :           NA  Failing Endpoints,  Worst Slack           NA  ,  Total Violation           NA
Hold  :           NA  Failing Endpoints,  Worst Slack           NA  ,  Total Violation           NA
PW    :            0  Failing Endpoints,  Worst Slack        0.264ns,  Total Violation        0.000ns
---------------------------------------------------------------------------------------------------


Pulse Width Checks
--------------------------------------------------------------------------------------
Clock Name:         clk_ddr3_ref_clk_wiz_0
Waveform(ns):       { 0.000 2.500 }
Period(ns):         5.000
Sources:            { clk_wiz_i/mmcm_adv_inst/CLKOUT3 }

Check Type  Corner  Lib Pin            Reference Pin  Required(ns)  Actual(ns)  Slack(ns)  Location         Pin
Min Period  n/a     IDELAYCTRL/REFCLK  n/a            3.225         5.000       1.775      IDELAYCTRL_X1Y0  ddr3_top/ddr3_phy_inst/IDELAYCTRL_inst/REFCLK
Max Period  n/a     IDELAYCTRL/REFCLK  n/a            5.264         5.000       0.264      IDELAYCTRL_X1Y0  ddr3_top/ddr3_phy_inst/IDELAYCTRL_inst/REFCLK



---------------------------------------------------------------------------------------------------
From Clock:  clk_passthrough_clk_wiz_0
  To Clock:  clk_passthrough_clk_wiz_0

Setup :            0  Failing Endpoints,  Worst Slack        1.620ns,  Total Violation        0.000ns
Hold  :           71  Failing Endpoints,  Worst Slack       -0.126ns,  Total Violation       -3.186ns
PW    :            0  Failing Endpoints,  Worst Slack        3.750ns,  Total Violation        0.000ns
---------------------------------------------------------------------------------------------------


Max Delay Paths
--------------------------------------------------------------------------------------
Slack (MET) :             1.620ns  (required time - arrival time)
  Source:                 upsampler_i/buffer_start_reg[0]/C
                            (rising edge-triggered cell FDRE clocked by clk_passthrough_clk_wiz_0  {rise@0.000ns fall@5.000ns period=10.000ns})
  Destination:            upsampler_i/accum_reg/B[1]
                            (rising edge-triggered cell DSP48E1 clocked by clk_passthrough_clk_wiz_0  {rise@0.000ns fall@5.000ns period=10.000ns})
  Path Group:             clk_passthrough_clk_wiz_0
  Path Type:              Setup (Max at Slow Process Corner)
  Requirement:            10.000ns  (clk_passthrough_clk_wiz_0 rise@10.000ns - clk_passthrough_clk_wiz_0 rise@0.000ns)
  Data Path Delay:        4.819ns  (logic 1.457ns (30.234%)  route 3.362ns (69.766%))
  Logic Levels:           4  (CARRY4=1 LUT2=1 LUT3=1 RAMS64E=1)
  Clock Path Skew:        0.049ns (DCD - SCD + CPR)
    Destination Clock Delay (DCD):    -1.522ns = ( 8.478 - 10.000 ) 
    Source Clock Delay      (SCD):    -1.018ns
    Clock Pessimism Removal (CPR):    0.553ns
  Clock Uncertainty:      0.074ns  ((TSJ^2 + DJ^2)^1/2) / 2 + PE
    Total System Jitter     (TSJ):    0.071ns
    Discrete Jitter          (DJ):    0.129ns
    Phase Error              (PE):    0.000ns

    Location             Delay type                Incr(ns)  Path(ns)    Netlist Resource(s)
  -------------------------------------------------------------------    -------------------
                         (clock clk_passthrough_clk_wiz_0 rise edge)
                                                      0.000     0.000 r  
    N15                                               0.000     0.000 r  clk_100mhz (IN)
                         net (fo=0)                   0.000     0.000    clk_wiz_i/clk_100mhz
    N15                  IBUF (Prop_ibuf_I_O)         1.440     1.440 r  clk_wiz_i/clkin1_ibufg/O
                         net (fo=1, estimated)        1.233     2.673    clk_wiz_i/clk_in1_clk_wiz_0
    MMCME2_ADV_X0Y0      MMCME2_ADV (Prop_mmcme2_adv_CLKIN1_CLKOUT5)
                                                     -7.025    -4.352 r  clk_wiz_i/mmcm_adv_inst/CLKOUT5
                         net (fo=1, estimated)        1.666    -2.686    clk_wiz_i/clk_passthrough_clk_wiz_0
    BUFGCTRL_X0Y4        BUFG (Prop_bufg_I_O)         0.096    -2.590 r  clk_wiz_i/clkout6_buf/O
                         net (fo=1583, estimated)     1.572    -1.018    upsampler_i/clk
    SLICE_X49Y5          FDRE                                         r  upsampler_i/buffer_start_reg[0]/C
  -------------------------------------------------------------------    -------------------
    SLICE_X49Y5          FDRE (Prop_fdre_C_Q)         0.456    -0.562 r  upsampler_i/buffer_start_reg[0]/Q
                         net (fo=13, estimated)       0.468    -0.094    upsampler_i/sample_buffer_lutram/Q[0]
    SLICE_X48Y6          LUT2 (Prop_lut2_I0_O)        0.124     0.030 r  upsampler_i/sample_buffer_lutram/data_reg_0_63_0_0_i_15/O
                         net (fo=1, routed)           0.000     0.030    upsampler_i/sample_buffer_lutram/data_reg_0_63_0_0_i_15_n_0
    SLICE_X48Y6          CARRY4 (Prop_carry4_S[0]_O[0])
                                                      0.247     0.277 r  upsampler_i/sample_buffer_lutram/data_reg_0_63_0_0_i_7/O[0]
                         net (fo=1, estimated)        0.957     1.234    upsampler_i/sample_buffer_lutram/data_reg_0_63_0_0_i_7_n_7
    SLICE_X50Y8          LUT3 (Prop_lut3_I2_O)        0.321     1.555 r  upsampler_i/sample_buffer_lutram/data_reg_0_63_0_0_i_1/O
                         net (fo=16, estimated)       1.247     2.802    upsampler_i/sample_buffer_lutram/data_reg_0_63_1_1/A0
    SLICE_X50Y13         RAMS64E (Prop_rams64e_ADR0_O)
                                                      0.309     3.111 r  upsampler_i/sample_buffer_lutram/data_reg_0_63_1_1/SP/O
                         net (fo=1, estimated)        0.690     3.801    upsampler_i/dout[1]
    DSP48_X1Y4           DSP48E1                                      r  upsampler_i/accum_reg/B[1]
  -------------------------------------------------------------------    -------------------

                         (clock clk_passthrough_clk_wiz_0 rise edge)
                                                     10.000    10.000 r  
    N15                                               0.000    10.000 r  clk_100mhz (IN)
                         net (fo=0)                   0.000    10.000    clk_wiz_i/clk_100mhz
    N15                  IBUF (Prop_ibuf_I_O)         1.370    11.370 r  clk_wiz_i/clkin1_ibufg/O
                         net (fo=1, estimated)        1.171    12.542    clk_wiz_i/clk_in1_clk_wiz_0
    MMCME2_ADV_X0Y0      MMCME2_ADV (Prop_mmcme2_adv_CLKIN1_CLKOUT5)
                                                     -7.279     5.263 r  clk_wiz_i/mmcm_adv_inst/CLKOUT5
                         net (fo=1, estimated)        1.583     6.846    clk_wiz_i/clk_passthrough_clk_wiz_0
    BUFGCTRL_X0Y4        BUFG (Prop_bufg_I_O)         0.091     6.937 r  clk_wiz_i/clkout6_buf/O
                         net (fo=1583, estimated)     1.542     8.478    upsampler_i/clk
    DSP48_X1Y4           DSP48E1                                      r  upsampler_i/accum_reg/CLK
                         clock pessimism              0.553     9.031    
                         clock uncertainty           -0.074     8.957    
    DSP48_X1Y4           DSP48E1 (Setup_dsp48e1_CLK_B[1])
                                                     -3.536     5.421    upsampler_i/accum_reg
  -------------------------------------------------------------------
                         required time                          5.421    
                         arrival time                          -3.801    
  -------------------------------------------------------------------
                         slack                                  1.620    





Min Delay Paths
--------------------------------------------------------------------------------------
Slack (VIOLATED) :        -0.126ns  (arrival time - required time)
  Source:                 drd_req/fifo_instr_addr_reg[0]/C
                            (rising edge-triggered cell FDRE clocked by clk_passthrough_clk_wiz_0  {rise@0.000ns fall@5.000ns period=10.000ns})
  Destination:            drd_req/dram_read_addr_fifo/xpm_fifo_axis_inst/xpm_fifo_base_inst/gen_sdpram.xpm_memory_base_inst/gen_wr_a.gen_word_narrow.mem_reg/DIADI[0]
                            (rising edge-triggered cell RAMB18E1 clocked by clk_passthrough_clk_wiz_0  {rise@0.000ns fall@5.000ns period=10.000ns})
  Path Group:             clk_passthrough_clk_wiz_0
  Path Type:              Hold (Min at Fast Process Corner)
  Requirement:            0.000ns  (clk_passthrough_clk_wiz_0 rise@0.000ns - clk_passthrough_clk_wiz_0 rise@0.000ns)
  Data Path Delay:        0.478ns  (logic 0.141ns (29.511%)  route 0.337ns (70.489%))
  Logic Levels:           0  
  Clock Path Skew:        0.307ns (DCD - SCD - CPR)
    Destination Clock Delay (DCD):    -0.820ns
    Source Clock Delay      (SCD):    -0.610ns
    Clock Pessimism Removal (CPR):    -0.518ns

    Location             Delay type                Incr(ns)  Path(ns)    Netlist Resource(s)
  -------------------------------------------------------------------    -------------------
                         (clock clk_passthrough_clk_wiz_0 rise edge)
                                                      0.000     0.000 r  
    N15                                               0.000     0.000 r  clk_100mhz (IN)
                         net (fo=0)                   0.000     0.000    clk_wiz_i/clk_100mhz
    N15                  IBUF (Prop_ibuf_I_O)         0.209     0.209 r  clk_wiz_i/clkin1_ibufg/O
                         net (fo=1, estimated)        0.520     0.728    clk_wiz_i/clk_in1_clk_wiz_0
    MMCME2_ADV_X0Y0      MMCME2_ADV (Prop_mmcme2_adv_CLKIN1_CLKOUT5)
                                                     -2.621    -1.893 r  clk_wiz_i/mmcm_adv_inst/CLKOUT5
                         net (fo=1, estimated)        0.702    -1.191    clk_wiz_i/clk_passthrough_clk_wiz_0
    BUFGCTRL_X0Y4        BUFG (Prop_bufg_I_O)         0.026    -1.165 r  clk_wiz_i/clkout6_buf/O
                         net (fo=1583, estimated)     0.555    -0.610    drd_req/clk
    SLICE_X33Y20         FDRE                                         r  drd_req/fifo_instr_addr_reg[0]/C
  -------------------------------------------------------------------    -------------------
    SLICE_X33Y20         FDRE (Prop_fdre_C_Q)         0.141    -0.469 r  drd_req/fifo_instr_addr_reg[0]/Q
                         net (fo=1, estimated)        0.337    -0.132    drd_req/dram_read_addr_fifo/xpm_fifo_axis_inst/xpm_fifo_base_inst/gen_sdpram.xpm_memory_base_inst/dina[0]
    RAMB18_X1Y9          RAMB18E1                                     r  drd_req/dram_read_addr_fifo/xpm_fifo_axis_inst/xpm_fifo_base_inst/gen_sdpram.xpm_memory_base_inst/gen_wr_a.gen_word_narrow.mem_reg/DIADI[0]
  -------------------------------------------------------------------    -------------------

                         (clock clk_passthrough_clk_wiz_0 rise edge)
                                                      0.000     0.000 r  
    N15                                               0.000     0.000 r  clk_100mhz (IN)
                         net (fo=0)                   0.000     0.000    clk_wiz_i/clk_100mhz
    N15                  IBUF (Prop_ibuf_I_O)         0.396     0.396 r  clk_wiz_i/clkin1_ibufg/O
                         net (fo=1, estimated)        0.547     0.943    clk_wiz_i/clk_in1_clk_wiz_0
    MMCME2_ADV_X0Y0      MMCME2_ADV (Prop_mmcme2_adv_CLKIN1_CLKOUT5)
                                                     -3.399    -2.456 r  clk_wiz_i/mmcm_adv_inst/CLKOUT5
                         net (fo=1, estimated)        0.739    -1.717    clk_wiz_i/clk_passthrough_clk_wiz_0
    BUFGCTRL_X0Y4        BUFG (Prop_bufg_I_O)         0.029    -1.688 r  clk_wiz_i/clkout6_buf/O
                         net (fo=1583, estimated)     0.867    -0.820    drd_req/dram_read_addr_fifo/xpm_fifo_axis_inst/xpm_fifo_base_inst/gen_sdpram.xpm_memory_base_inst/clka
    RAMB18_X1Y9          RAMB18E1                                     r  drd_req/dram_read_addr_fifo/xpm_fifo_axis_inst/xpm_fifo_base_inst/gen_sdpram.xpm_memory_base_inst/gen_wr_a.gen_word_narrow.mem_reg/CLKBWRCLK
                         clock pessimism              0.518    -0.302    
    RAMB18_X1Y9          RAMB18E1 (Hold_ramb18e1_CLKBWRCLK_DIADI[0])
                                                      0.296    -0.006    drd_req/dram_read_addr_fifo/xpm_fifo_axis_inst/xpm_fifo_base_inst/gen_sdpram.xpm_memory_base_inst/gen_wr_a.gen_word_narrow.mem_reg
  -------------------------------------------------------------------
                         required time                          0.006    
                         arrival time                          -0.132    
  -------------------------------------------------------------------
                         slack                                 -0.126    





Pulse Width Checks
--------------------------------------------------------------------------------------
Clock Name:         clk_passthrough_clk_wiz_0
Waveform(ns):       { 0.000 5.000 }
Period(ns):         10.000
Sources:            { clk_wiz_i/mmcm_adv_inst/CLKOUT5 }

Check Type        Corner  Lib Pin             Reference Pin  Required(ns)  Actual(ns)  Slack(ns)  Location         Pin
Min Period        n/a     DSP48E1/CLK         n/a            3.884         10.000      6.116      DSP48_X1Y4       upsampler_i/accum_reg/CLK
Max Period        n/a     MMCME2_ADV/CLKOUT5  n/a            213.360       10.000      203.360    MMCME2_ADV_X0Y0  clk_wiz_i/mmcm_adv_inst/CLKOUT5
Low Pulse Width   Slow    RAMS64E/CLK         n/a            1.250         5.000       3.750      SLICE_X50Y12     upsampler_i/sample_buffer_lutram/data_reg_0_63_0_0/SP/CLK
High Pulse Width  Slow    RAMS64E/CLK         n/a            1.250         5.000       3.750      SLICE_X50Y12     upsampler_i/sample_buffer_lutram/data_reg_0_63_0_0/SP/CLK



---------------------------------------------------------------------------------------------------
From Clock:  clkfbout_clk_wiz_0
  To Clock:  clkfbout_clk_wiz_0

Setup :           NA  Failing Endpoints,  Worst Slack           NA  ,  Total Violation           NA
Hold  :           NA  Failing Endpoints,  Worst Slack           NA  ,  Total Violation           NA
PW    :            0  Failing Endpoints,  Worst Slack        7.845ns,  Total Violation        0.000ns
---------------------------------------------------------------------------------------------------


Pulse Width Checks
--------------------------------------------------------------------------------------
Clock Name:         clkfbout_clk_wiz_0
Waveform(ns):       { 0.000 5.000 }
Period(ns):         10.000
Sources:            { clk_wiz_i/mmcm_adv_inst/CLKFBOUT }

Check Type  Corner  Lib Pin             Reference Pin  Required(ns)  Actual(ns)  Slack(ns)  Location         Pin
Min Period  n/a     BUFG/I              n/a            2.155         10.000      7.845      BUFGCTRL_X0Y5    clk_wiz_i/clkf_buf/I
Max Period  n/a     MMCME2_ADV/CLKFBIN  n/a            100.000       10.000      90.000     MMCME2_ADV_X0Y0  clk_wiz_i/mmcm_adv_inst/CLKFBIN



---------------------------------------------------------------------------------------------------
From Clock:  clk_passthrough_clk_wiz_0
  To Clock:  clk_controller_clk_wiz_0

Setup :            0  Failing Endpoints,  Worst Slack        4.793ns,  Total Violation        0.000ns
Hold  :           NA  Failing Endpoints,  Worst Slack           NA  ,  Total Violation           NA
---------------------------------------------------------------------------------------------------


Max Delay Paths
--------------------------------------------------------------------------------------
Slack (MET) :             4.793ns  (required time - arrival time)
  Source:                 dwr/dram_write_fifo/xpm_fifo_axis_inst/xpm_fifo_base_inst/gen_cdc_pntr.wr_pntr_cdc_inst/src_gray_ff_reg[5]/C
                            (rising edge-triggered cell FDRE clocked by clk_passthrough_clk_wiz_0  {rise@0.000ns fall@5.000ns period=10.000ns})
  Destination:            dwr/dram_write_fifo/xpm_fifo_axis_inst/xpm_fifo_base_inst/gen_cdc_pntr.wr_pntr_cdc_inst/dest_graysync_ff_reg[0][5]/D
                            (rising edge-triggered cell FDRE clocked by clk_controller_clk_wiz_0  {rise@0.000ns fall@6.000ns period=12.000ns})
  Path Group:             clk_controller_clk_wiz_0
  Path Type:              Setup (Max at Slow Process Corner)
  Requirement:            6.000ns  (MaxDelay Path 6.000ns)
  Data Path Delay:        0.942ns  (logic 0.478ns (50.743%)  route 0.464ns (49.257%))
  Logic Levels:           0  
  Timing Exception:       MaxDelay Path 6.000ns -datapath_only

    Location             Delay type                Incr(ns)  Path(ns)    Netlist Resource(s)
  -------------------------------------------------------------------    -------------------
    SLICE_X42Y44                                      0.000     0.000 r  dwr/dram_write_fifo/xpm_fifo_axis_inst/xpm_fifo_base_inst/gen_cdc_pntr.wr_pntr_cdc_inst/src_gray_ff_reg[5]/C
    SLICE_X42Y44         FDRE (Prop_fdre_C_Q)         0.478     0.478 r  dwr/dram_write_fifo/xpm_fifo_axis_inst/xpm_fifo_base_inst/gen_cdc_pntr.wr_pntr_cdc_inst/src_gray_ff_reg[5]/Q
                         net (fo=1, estimated)        0.464     0.942    dwr/dram_write_fifo/xpm_fifo_axis_inst/xpm_fifo_base_inst/gen_cdc_pntr.wr_pntr_cdc_inst/async_path[5]
    SLICE_X40Y44         FDRE                                         r  dwr/dram_write_fifo/xpm_fifo_axis_inst/xpm_fifo_base_inst/gen_cdc_pntr.wr_pntr_cdc_inst/dest_graysync_ff_reg[0][5]/D
  -------------------------------------------------------------------    -------------------

                         max delay                    6.000     6.000    
    SLICE_X40Y44         FDRE (Setup_fdre_C_D)       -0.265     5.735    dwr/dram_write_fifo/xpm_fifo_axis_inst/xpm_fifo_base_inst/gen_cdc_pntr.wr_pntr_cdc_inst/dest_graysync_ff_reg[0][5]
  -------------------------------------------------------------------
                         required time                          5.735    
                         arrival time                          -0.942    
  -------------------------------------------------------------------
                         slack                                  4.793    





---------------------------------------------------------------------------------------------------
From Clock:  clk_controller_clk_wiz_0
  To Clock:  clk_passthrough_clk_wiz_0

Setup :            0  Failing Endpoints,  Worst Slack        4.781ns,  Total Violation        0.000ns
Hold  :           NA  Failing Endpoints,  Worst Slack           NA  ,  Total Violation           NA
---------------------------------------------------------------------------------------------------


Max Delay Paths
--------------------------------------------------------------------------------------
Slack (MET) :             4.781ns  (required time - arrival time)
  Source:                 tg/sample_load_complete_reg/C
                            (rising edge-triggered cell FDRE clocked by clk_controller_clk_wiz_0  {rise@0.000ns fall@6.000ns period=12.000ns})
  Destination:            sample_load_complete_buf_reg[1]/D
                            (rising edge-triggered cell FDRE clocked by clk_passthrough_clk_wiz_0  {rise@0.000ns fall@5.000ns period=10.000ns})
  Path Group:             clk_passthrough_clk_wiz_0
  Path Type:              Setup (Max at Slow Process Corner)
  Requirement:            6.000ns  (MaxDelay Path 6.000ns)
  Data Path Delay:        1.191ns  (logic 0.456ns (38.287%)  route 0.735ns (61.713%))
  Logic Levels:           0  
  Timing Exception:       MaxDelay Path 6.000ns -datapath_only

    Location             Delay type                Incr(ns)  Path(ns)    Netlist Resource(s)
  -------------------------------------------------------------------    -------------------
    SLICE_X37Y30                                      0.000     0.000 r  tg/sample_load_complete_reg/C
    SLICE_X37Y30         FDRE (Prop_fdre_C_Q)         0.456     0.456 r  tg/sample_load_complete_reg/Q
                         net (fo=5, estimated)        0.735     1.191    sample_load_complete
    SLICE_X30Y36         FDRE                                         r  sample_load_complete_buf_reg[1]/D
  -------------------------------------------------------------------    -------------------

                         max delay                    6.000     6.000    
    SLICE_X30Y36         FDRE (Setup_fdre_C_D)       -0.028     5.972    sample_load_complete_buf_reg[1]
  -------------------------------------------------------------------
                         required time                          5.972    
                         arrival time                          -1.191    
  -------------------------------------------------------------------
                         slack                                  4.781    





